[0.011s] Invoking command in '/home/vivek/dev_ws/src/my_bot/build/my_bot': CMAKE_PREFIX_PATH=${CMAKE_PREFIX_PATH}:/home/vivek/dev_ws/install/opencv_tools:/home/vivek/dev_ws/install/cv_basics:/opt/ros/humble /home/vivek/.local/bin/cmake /home/vivek/dev_ws/src/my_bot -DCMAKE_INSTALL_PREFIX=/home/vivek/dev_ws/src/my_bot/install/my_bot
[0.079s] -- The C compiler identification is GNU 11.3.0
[0.128s] -- The CXX compiler identification is GNU 11.3.0
[0.137s] -- Detecting C compiler ABI info
[0.186s] -- Detecting C compiler ABI info - done
[0.196s] -- Check for working C compiler: /usr/bin/cc - skipped
[0.196s] -- Detecting C compile features
[0.197s] -- Detecting C compile features - done
[0.200s] -- Detecting CXX compiler ABI info
[0.257s] -- Detecting CXX compiler ABI info - done
[0.268s] -- Check for working CXX compiler: /usr/bin/c++ - skipped
[0.268s] -- Detecting CXX compile features
[0.269s] -- Detecting CXX compile features - done
[0.271s] -- Found ament_cmake: 1.3.5 (/opt/ros/humble/share/ament_cmake/cmake)
[0.594s] -- Found Python3: /usr/bin/python3.10 (found version "3.10.6") found components: Interpreter 
[0.677s] -- Found std_msgs: 4.2.3 (/opt/ros/humble/share/std_msgs/cmake)
[0.713s] -- Found rosidl_generator_c: 3.1.4 (/opt/ros/humble/share/rosidl_generator_c/cmake)
[0.719s] -- Found rosidl_adapter: 3.1.4 (/opt/ros/humble/share/rosidl_adapter/cmake)
[0.728s] -- Found rosidl_generator_cpp: 3.1.4 (/opt/ros/humble/share/rosidl_generator_cpp/cmake)
[0.745s] -- Using all available rosidl_typesupport_c: rosidl_typesupport_fastrtps_c;rosidl_typesupport_introspection_c
[0.767s] -- Using all available rosidl_typesupport_cpp: rosidl_typesupport_fastrtps_cpp;rosidl_typesupport_introspection_cpp
[0.830s] -- Found sensor_msgs: 4.2.3 (/opt/ros/humble/share/sensor_msgs/cmake)
[0.967s] -- Found image_transport: 3.1.5 (/opt/ros/humble/share/image_transport/cmake)
[1.040s] -- Found rmw_implementation_cmake: 6.1.1 (/opt/ros/humble/share/rmw_implementation_cmake/cmake)
[1.043s] -- Found rmw_fastrtps_cpp: 6.2.2 (/opt/ros/humble/share/rmw_fastrtps_cpp/cmake)
[1.127s] -- Found OpenSSL: /usr/lib/x86_64-linux-gnu/libcrypto.so (found version "3.0.2")  
[1.153s] -- Found FastRTPS: /opt/ros/humble/include  
[1.199s] -- Using RMW implementation 'rmw_fastrtps_cpp' as default
[1.209s] -- Performing Test CMAKE_HAVE_LIBC_PTHREAD
[1.260s] -- Performing Test CMAKE_HAVE_LIBC_PTHREAD - Success
[1.261s] -- Found Threads: TRUE  
[1.472s] [31mCMake Error at CMakeLists.txt:23 (find_package):
[1.472s]   By not providing "FindOpenCVabc.cmake" in CMAKE_MODULE_PATH this project
[1.472s]   has asked CMake to find a package configuration file provided by
[1.472s]   "OpenCVabc", but CMake did not find one.
[1.472s] 
[1.472s]   Could not find a package configuration file provided by "OpenCVabc" with
[1.472s]   any of the following names:
[1.472s] 
[1.472s]     OpenCVabcConfig.cmake
[1.472s]     opencvabc-config.cmake
[1.472s] 
[1.472s]   Add the installation prefix of "OpenCVabc" to CMAKE_PREFIX_PATH or set
[1.472s]   "OpenCVabc_DIR" to a directory containing one of the above files.  If
[1.472s]   "OpenCVabc" provides a separate development package or SDK, be sure it has
[1.472s]   been installed.
[1.473s] 
[1.473s] [0m
[1.473s] -- Configuring incomplete, errors occurred!
[1.486s] Invoked command in '/home/vivek/dev_ws/src/my_bot/build/my_bot' returned '1': CMAKE_PREFIX_PATH=${CMAKE_PREFIX_PATH}:/home/vivek/dev_ws/install/opencv_tools:/home/vivek/dev_ws/install/cv_basics:/opt/ros/humble /home/vivek/.local/bin/cmake /home/vivek/dev_ws/src/my_bot -DCMAKE_INSTALL_PREFIX=/home/vivek/dev_ws/src/my_bot/install/my_bot
